<?xml version="1.0" encoding="UTF-8"?>
<testsuite name="calculatorTesting" tests="2" skipped="0" failures="0" errors="0" timestamp="2019-10-20T17:14:15" hostname="DESKTOP-L4J5U4D" time="0.004">
  <properties/>
  <testcase name="subtraction" classname="calculatorTesting" time="0.003"/>
  <testcase name="addition" classname="calculatorTesting" time="0.001"/>
  <system-out><![CDATA[]]></system-out>
  <system-err><![CDATA[]]></system-err>
</testsuite>
